environmentNT/build/outputs/logs/manifest-merger-release-report.txt
-- Merging decision tree log ---
manifest
ADDED from src/main/AndroidManifest.xml:2:1-327:12
	package
		ADDED from src/main/AndroidManifest.xml:3:5-39
		INJECTED from src/main/AndroidManifest.xml
		INJECTED from src/main/AndroidManifest.xml
	android:versionName
		ADDED from src/main/AndroidManifest.xml:5:5-32
		INJECTED from src/main/AndroidManifest.xml
		INJECTED from src/main/AndroidManifest.xml
	android:versionCode
		ADDED from src/main/AndroidManifest.xml:4:5-29
		INJECTED from src/main/AndroidManifest.xml
		INJECTED from src/main/AndroidManifest.xml
	xmlns:android
		ADDED from src/main/AndroidManifest.xml:2:11-69
uses-sdk
ADDED from src/main/AndroidManifest.xml:7:5-9:41
MERGED from [com.android.support:recyclerview-v7:24.2.1] AndroidManifest.xml:20:5-43
MERGED from [com.github.ForgetAll:LoadingDialog:v1.0.4] AndroidManifest.xml:7:5-9:41
MERGED from [com.wang.avi:library:2.1.3] AndroidManifest.xml:7:5-9:41
MERGED from [MobileNT:environmentTaiCangPulePaintDemo:unspecified] AndroidManifest.xml:7:5-9:41
MERGED from [com.android.support:appcompat-v7:24.2.0] AndroidManifest.xml:21:5-23:78
MERGED from [com.android.support:animated-vector-drawable:24.2.0] AndroidManifest.xml:20:5-44
MERGED from [com.android.support:support-vector-drawable:24.2.0] AndroidManifest.xml:21:5-43
MERGED from [com.android.support:support-v4:25.4.0] AndroidManifest.xml:21:5-23:54
MERGED from [com.android.support:support-fragment:25.4.0] AndroidManifest.xml:21:5-23:60
MERGED from [com.android.support:support-media-compat:25.4.0] AndroidManifest.xml:21:5-23:63
MERGED from [com.android.support:support-core-ui:25.4.0] AndroidManifest.xml:21:5-23:58
MERGED from [com.android.support:support-core-utils:25.4.0] AndroidManifest.xml:21:5-23:61
MERGED from [com.android.support:support-compat:25.4.0] AndroidManifest.xml:21:5-23:58
MERGED from [com.android.support.constraint:constraint-layout:1.0.1] AndroidManifest.xml:5:5-7:41
	tools:overrideLibrary
		ADDED from [com.android.support:appcompat-v7:24.2.0] AndroidManifest.xml:23:9-75
	android:targetSdkVersion
		ADDED from src/main/AndroidManifest.xml:9:9-38
		INJECTED from src/main/AndroidManifest.xml
		INJECTED from src/main/AndroidManifest.xml
	android:minSdkVersion
		ADDED from src/main/AndroidManifest.xml:8:9-34
		INJECTED from src/main/AndroidManifest.xml
		INJECTED from src/main/AndroidManifest.xml
supports-screens
ADDED from src/main/AndroidManifest.xml:11:5-15:40
	android:largeScreens
		ADDED from src/main/AndroidManifest.xml:13:9-36
	android:normalScreens
		ADDED from src/main/AndroidManifest.xml:14:9-37
	android:xlargeScreens
		ADDED from src/main/AndroidManifest.xml:15:9-37
	android:anyDensity
		ADDED from src/main/AndroidManifest.xml:12:9-34
uses-permission#android.permission.BLUETOOTH
ADDED from src/main/AndroidManifest.xml:17:5-68
	android:name
		ADDED from src/main/AndroidManifest.xml:17:22-65
uses-permission#android.permission.BLUETOOTH_ADMIN
ADDED from src/main/AndroidManifest.xml:18:5-74
	android:name
		ADDED from src/main/AndroidManifest.xml:18:22-71
uses-permission#android.permission.ACCESS_FINE_LOCATION
ADDED from src/main/AndroidManifest.xml:20:5-79
	android:name
		ADDED from src/main/AndroidManifest.xml:20:22-76
uses-permission#android.permission.ACCESS_COARSE_LOCATION
ADDED from src/main/AndroidManifest.xml:21:5-81
	android:name
		ADDED from src/main/AndroidManifest.xml:21:22-78
uses-permission#android.permission.INTERNET
ADDED from src/main/AndroidManifest.xml:23:5-67
	android:name
		ADDED from src/main/AndroidManifest.xml:23:22-64
uses-permission#android.permission.READ_PHONE_STATE
ADDED from src/main/AndroidManifest.xml:24:5-75
	android:name
		ADDED from src/main/AndroidManifest.xml:24:22-72
uses-permission#android.permission.ACCESS_NETWORK_STATE
ADDED from src/main/AndroidManifest.xml:25:5-79
	android:name
		ADDED from src/main/AndroidManifest.xml:25:22-76
uses-permission#android.permission.CHANGE_WIFI_STATE
ADDED from src/main/AndroidManifest.xml:26:5-76
	android:name
		ADDED from src/main/AndroidManifest.xml:26:22-73
uses-permission#android.permission.ACCESS_WIFI_STATE
ADDED from src/main/AndroidManifest.xml:27:5-76
	android:name
		ADDED from src/main/AndroidManifest.xml:27:22-73
uses-permission#android.permission.WAKE_LOCK
ADDED from src/main/AndroidManifest.xml:28:5-68
	android:name
		ADDED from src/main/AndroidManifest.xml:28:22-65
uses-permission#android.permission.RECEIVE_BOOT_COMPLETED
ADDED from src/main/AndroidManifest.xml:29:5-81
	android:name
		ADDED from src/main/AndroidManifest.xml:29:22-78
uses-permission#android.permission.WRITE_EXTERNAL_STORAGE
ADDED from src/main/AndroidManifest.xml:30:5-81
	android:name
		ADDED from src/main/AndroidManifest.xml:30:22-78
uses-permission#android.permission.VIBRATE
ADDED from src/main/AndroidManifest.xml:31:5-66
	android:name
		ADDED from src/main/AndroidManifest.xml:31:22-63
uses-permission#android.permission.GET_TASKS
ADDED from src/main/AndroidManifest.xml:32:5-68
	android:name
		ADDED from src/main/AndroidManifest.xml:32:22-65
uses-permission#android.permission.SYSTEM_ALERT_WINDOW
ADDED from src/main/AndroidManifest.xml:40:5-78
	android:name
		ADDED from src/main/AndroidManifest.xml:40:22-75
uses-permission#getui.permission.GetuiService.com.sinoyd.environmentNT
ADDED from src/main/AndroidManifest.xml:42:5-94
	android:name
		ADDED from src/main/AndroidManifest.xml:42:22-91
permission#getui.permission.GetuiService.com.sinoyd.environmentNT
ADDED from src/main/AndroidManifest.xml:44:5-46:55
	android:protectionLevel
		ADDED from src/main/AndroidManifest.xml:46:9-41
	android:name
		ADDED from src/main/AndroidManifest.xml:45:9-78
uses-permission#android.permission.CALL_PHONE
ADDED from src/main/AndroidManifest.xml:60:5-69
	android:name
		ADDED from src/main/AndroidManifest.xml:60:22-66
uses-permission#android.permission.BAIDU_LOCATION_SERVICE
ADDED from src/main/AndroidManifest.xml:66:5-81
	android:name
		ADDED from src/main/AndroidManifest.xml:66:22-78
uses-permission#android.permission.ACCESS_MOCK_LOCATION
ADDED from src/main/AndroidManifest.xml:68:5-79
	android:name
		ADDED from src/main/AndroidManifest.xml:68:22-76
uses-permission#android.permission.ACCESS_GPS
ADDED from src/main/AndroidManifest.xml:69:5-69
	android:name
		ADDED from src/main/AndroidManifest.xml:69:22-66
uses-permission#android.permission.CAMERA
ADDED from src/main/AndroidManifest.xml:70:5-65
	android:name
		ADDED from src/main/AndroidManifest.xml:70:22-62
uses-permission#android.permission.WRITE_SETTINGS
ADDED from src/main/AndroidManifest.xml:71:5-73
	android:name
		ADDED from src/main/AndroidManifest.xml:71:22-70
uses-feature#android.hardware.camera
ADDED from src/main/AndroidManifest.xml:73:5-60
	android:name
		ADDED from src/main/AndroidManifest.xml:73:19-57
uses-feature#android.hardware.camera.autofocus
ADDED from src/main/AndroidManifest.xml:74:5-70
	android:name
		ADDED from src/main/AndroidManifest.xml:74:19-67
uses-permission#android.permission.FLASHLIGHT
ADDED from src/main/AndroidManifest.xml:77:5-69
	android:name
		ADDED from src/main/AndroidManifest.xml:77:22-66
uses-permission#android.permission.READ_EXTERNAL_STORAGE
ADDED from src/main/AndroidManifest.xml:78:5-80
	android:name
		ADDED from src/main/AndroidManifest.xml:78:22-77
application
ADDED from src/main/AndroidManifest.xml:86:5-325:19
MERGED from [com.github.ForgetAll:LoadingDialog:v1.0.4] AndroidManifest.xml:11:5-15:19
MERGED from [MobileNT:environmentTaiCangPulePaintDemo:unspecified] AndroidManifest.xml:11:5-12:19
MERGED from [com.android.support:appcompat-v7:24.2.0] AndroidManifest.xml:25:5-20
MERGED from [com.android.support:animated-vector-drawable:24.2.0] AndroidManifest.xml:22:5-20
MERGED from [com.android.support:support-vector-drawable:24.2.0] AndroidManifest.xml:23:5-20
MERGED from [com.android.support:support-v4:25.4.0] AndroidManifest.xml:25:5-29:19
MERGED from [com.android.support:support-fragment:25.4.0] AndroidManifest.xml:25:5-29:19
MERGED from [com.android.support:support-media-compat:25.4.0] AndroidManifest.xml:25:5-29:19
MERGED from [com.android.support:support-core-ui:25.4.0] AndroidManifest.xml:25:5-29:19
MERGED from [com.android.support:support-core-utils:25.4.0] AndroidManifest.xml:25:5-29:19
MERGED from [com.android.support:support-compat:25.4.0] AndroidManifest.xml:25:5-29:19
MERGED from [com.android.support.constraint:constraint-layout:1.0.1] AndroidManifest.xml:9:5-20
	android:label
		ADDED from src/main/AndroidManifest.xml:89:9-41
	android:supportsRtl
		ADDED from [com.github.ForgetAll:LoadingDialog:v1.0.4] AndroidManifest.xml:14:9-35
	android:launchMode
		ADDED from src/main/AndroidManifest.xml:90:9-44
	android:icon
		ADDED from src/main/AndroidManifest.xml:88:9-45
	android:allowBackup
		ADDED from [com.github.ForgetAll:LoadingDialog:v1.0.4] AndroidManifest.xml:12:9-35
	android:theme
		ADDED from src/main/AndroidManifest.xml:91:9-65
	android:name
		ADDED from src/main/AndroidManifest.xml:87:9-38
activity#com.sinoyd.environmentNT.activity.LoadActivity
ADDED from src/main/AndroidManifest.xml:94:9-106:20
	android:screenOrientation
		ADDED from src/main/AndroidManifest.xml:98:13-49
	android:label
		ADDED from src/main/AndroidManifest.xml:97:13-45
	android:windowSoftInputMode
		ADDED from src/main/AndroidManifest.xml:100:13-72
	android:configChanges
		ADDED from src/main/AndroidManifest.xml:96:13-63
	android:theme
		ADDED from src/main/AndroidManifest.xml:99:13-67
	android:name
		ADDED from src/main/AndroidManifest.xml:95:13-50
intent-filter#android.intent.action.MAIN+android.intent.category.LAUNCHER
ADDED from src/main/AndroidManifest.xml:101:13-105:29
action#android.intent.action.MAIN
ADDED from src/main/AndroidManifest.xml:102:17-69
	android:name
		ADDED from src/main/AndroidManifest.xml:102:25-66
category#android.intent.category.LAUNCHER
ADDED from src/main/AndroidManifest.xml:104:17-77
	android:name
		ADDED from src/main/AndroidManifest.xml:104:27-74
activity#com.sinoyd.environmentNT.activity.MainActivity
ADDED from src/main/AndroidManifest.xml:132:9-146:20
	android:screenOrientation
		ADDED from src/main/AndroidManifest.xml:136:13-49
	android:label
		ADDED from src/main/AndroidManifest.xml:135:13-45
	android:windowSoftInputMode
		ADDED from src/main/AndroidManifest.xml:137:13-72
	android:configChanges
		ADDED from src/main/AndroidManifest.xml:134:13-73
	android:name
		ADDED from src/main/AndroidManifest.xml:133:13-50
activity#com.sinoyd.environmentNT.activity.HelpActivity
ADDED from src/main/AndroidManifest.xml:147:9-153:75
	android:screenOrientation
		ADDED from src/main/AndroidManifest.xml:151:13-49
	android:label
		ADDED from src/main/AndroidManifest.xml:150:13-45
	android:windowSoftInputMode
		ADDED from src/main/AndroidManifest.xml:153:13-72
	android:configChanges
		ADDED from src/main/AndroidManifest.xml:149:13-63
	android:theme
		ADDED from src/main/AndroidManifest.xml:152:13-78
	android:name
		ADDED from src/main/AndroidManifest.xml:148:13-50
service#com.baidu.location.f
ADDED from src/main/AndroidManifest.xml:155:9-158:41
	android:enabled
		ADDED from src/main/AndroidManifest.xml:157:13-35
	android:process
		ADDED from src/main/AndroidManifest.xml:158:13-38
	android:name
		ADDED from src/main/AndroidManifest.xml:156:13-48
activity#com.sinoyd.environmentNT.activity.PositionManagerActivity
ADDED from src/main/AndroidManifest.xml:183:9-189:75
	android:screenOrientation
		ADDED from src/main/AndroidManifest.xml:187:13-49
	android:label
		ADDED from src/main/AndroidManifest.xml:186:13-45
	android:windowSoftInputMode
		ADDED from src/main/AndroidManifest.xml:189:13-72
	android:configChanges
		ADDED from src/main/AndroidManifest.xml:185:13-63
	android:theme
		ADDED from src/main/AndroidManifest.xml:188:13-78
	android:name
		ADDED from src/main/AndroidManifest.xml:184:13-61
activity#com.sinoyd.environmentNT.activity.PortManagerActivity
ADDED from src/main/AndroidManifest.xml:190:9-196:75
	android:screenOrientation
		ADDED from src/main/AndroidManifest.xml:194:13-49
	android:label
		ADDED from src/main/AndroidManifest.xml:193:13-45
	android:windowSoftInputMode
		ADDED from src/main/AndroidManifest.xml:196:13-72
	android:configChanges
		ADDED from src/main/AndroidManifest.xml:192:13-63
	android:theme
		ADDED from src/main/AndroidManifest.xml:195:13-78
	android:name
		ADDED from src/main/AndroidManifest.xml:191:13-57
activity#com.sinoyd.environmentNT.activity.ChangeSystemActivity
ADDED from src/main/AndroidManifest.xml:197:9-203:75
	android:screenOrientation
		ADDED from src/main/AndroidManifest.xml:201:13-49
	android:label
		ADDED from src/main/AndroidManifest.xml:200:13-45
	android:windowSoftInputMode
		ADDED from src/main/AndroidManifest.xml:203:13-72
	android:configChanges
		ADDED from src/main/AndroidManifest.xml:199:13-63
	android:theme
		ADDED from src/main/AndroidManifest.xml:202:13-78
	android:name
		ADDED from src/main/AndroidManifest.xml:198:13-58
activity#com.sinoyd.environmentNT.activity.LoginActivity
ADDED from src/main/AndroidManifest.xml:204:9-210:75
	android:screenOrientation
		ADDED from src/main/AndroidManifest.xml:208:13-49
	android:label
		ADDED from src/main/AndroidManifest.xml:207:13-45
	android:windowSoftInputMode
		ADDED from src/main/AndroidManifest.xml:210:13-72
	android:configChanges
		ADDED from src/main/AndroidManifest.xml:206:13-63
	android:theme
		ADDED from src/main/AndroidManifest.xml:209:13-56
	android:name
		ADDED from src/main/AndroidManifest.xml:205:13-51
activity#com.sinoyd.environmentNT.activity.MoreMenuActivity
ADDED from src/main/AndroidManifest.xml:211:9-217:75
	android:screenOrientation
		ADDED from src/main/AndroidManifest.xml:215:13-49
	android:label
		ADDED from src/main/AndroidManifest.xml:214:13-45
	android:windowSoftInputMode
		ADDED from src/main/AndroidManifest.xml:217:13-72
	android:configChanges
		ADDED from src/main/AndroidManifest.xml:213:13-63
	android:theme
		ADDED from src/main/AndroidManifest.xml:216:13-56
	android:name
		ADDED from src/main/AndroidManifest.xml:212:13-54
activity#com.sinoyd.environmentNT.activity.NewAQIActivity
ADDED from src/main/AndroidManifest.xml:218:9-224:75
	android:screenOrientation
		ADDED from src/main/AndroidManifest.xml:222:13-49
	android:label
		ADDED from src/main/AndroidManifest.xml:221:13-45
	android:windowSoftInputMode
		ADDED from src/main/AndroidManifest.xml:224:13-72
	android:configChanges
		ADDED from src/main/AndroidManifest.xml:220:13-63
	android:theme
		ADDED from src/main/AndroidManifest.xml:223:13-56
	android:name
		ADDED from src/main/AndroidManifest.xml:219:13-52
activity#com.sinoyd.environmentNT.activity.WebActivity
ADDED from src/main/AndroidManifest.xml:225:9-231:75
	android:screenOrientation
		ADDED from src/main/AndroidManifest.xml:229:13-49
	android:label
		ADDED from src/main/AndroidManifest.xml:228:13-45
	android:windowSoftInputMode
		ADDED from src/main/AndroidManifest.xml:231:13-72
	android:configChanges
		ADDED from src/main/AndroidManifest.xml:227:13-63
	android:theme
		ADDED from src/main/AndroidManifest.xml:230:13-56
	android:name
		ADDED from src/main/AndroidManifest.xml:226:13-49
meta-data#com.baidu.lbsapi.API_KEY
ADDED from src/main/AndroidManifest.xml:233:9-235:64
	android:value
		ADDED from src/main/AndroidManifest.xml:235:13-61
	android:name
		ADDED from src/main/AndroidManifest.xml:234:13-52
meta-data#PUSH_APPID
ADDED from src/main/AndroidManifest.xml:244:9-246:54
	android:value
		ADDED from src/main/AndroidManifest.xml:246:13-51
	android:name
		ADDED from src/main/AndroidManifest.xml:245:13-38
meta-data#PUSH_APPKEY
ADDED from src/main/AndroidManifest.xml:247:9-249:53
	android:value
		ADDED from src/main/AndroidManifest.xml:249:13-50
	android:name
		ADDED from src/main/AndroidManifest.xml:248:13-39
meta-data#PUSH_APPSECRET
ADDED from src/main/AndroidManifest.xml:250:9-252:54
	android:value
		ADDED from src/main/AndroidManifest.xml:252:13-51
	android:name
		ADDED from src/main/AndroidManifest.xml:251:13-42
receiver#com.sinoyd.environmentNT.PushDemoReceiver
ADDED from src/main/AndroidManifest.xml:254:9-260:20
	android:exported
		ADDED from src/main/AndroidManifest.xml:256:13-37
	android:name
		ADDED from src/main/AndroidManifest.xml:255:13-45
intent-filter#com.igexin.sdk.action.OTfmyxWcIRAVCyevbbUZt4
ADDED from src/main/AndroidManifest.xml:257:13-259:29
action#com.igexin.sdk.action.OTfmyxWcIRAVCyevbbUZt4
ADDED from src/main/AndroidManifest.xml:258:17-87
	android:name
		ADDED from src/main/AndroidManifest.xml:258:25-84
service#com.igexin.sdk.PushService
ADDED from src/main/AndroidManifest.xml:264:9-272:19
	android:process
		ADDED from src/main/AndroidManifest.xml:268:13-43
	android:label
		ADDED from src/main/AndroidManifest.xml:267:13-47
	android:exported
		ADDED from src/main/AndroidManifest.xml:266:13-36
	android:name
		ADDED from src/main/AndroidManifest.xml:265:13-54
intent-filter#com.igexin.sdk.action.service.message
ADDED from src/main/AndroidManifest.xml:269:13-271:29
action#com.igexin.sdk.action.service.message
ADDED from src/main/AndroidManifest.xml:270:17-80
	android:name
		ADDED from src/main/AndroidManifest.xml:270:25-77
receiver#com.igexin.sdk.PushReceiver
ADDED from src/main/AndroidManifest.xml:275:9-286:20
	android:name
		ADDED from src/main/AndroidManifest.xml:275:19-61
intent-filter#android.intent.action.ACTION_POWER_CONNECTED+android.intent.action.ACTION_POWER_DISCONNECTED+android.intent.action.BOOT_COMPLETED+android.intent.action.MEDIA_MOUNTED+android.intent.action.USER_PRESENT+android.net.conn.CONNECTIVITY_CHANGE+com.igexin.sdk.action.refreshls
ADDED from src/main/AndroidManifest.xml:276:13-285:29
action#android.intent.action.BOOT_COMPLETED
ADDED from src/main/AndroidManifest.xml:277:17-79
	android:name
		ADDED from src/main/AndroidManifest.xml:277:25-76
action#android.net.conn.CONNECTIVITY_CHANGE
ADDED from src/main/AndroidManifest.xml:278:17-79
	android:name
		ADDED from src/main/AndroidManifest.xml:278:25-76
action#android.intent.action.USER_PRESENT
ADDED from src/main/AndroidManifest.xml:279:17-77
	android:name
		ADDED from src/main/AndroidManifest.xml:279:25-74
action#com.igexin.sdk.action.refreshls
ADDED from src/main/AndroidManifest.xml:280:17-74
	android:name
		ADDED from src/main/AndroidManifest.xml:280:25-71
action#android.intent.action.MEDIA_MOUNTED
ADDED from src/main/AndroidManifest.xml:282:17-78
	android:name
		ADDED from src/main/AndroidManifest.xml:282:25-75
action#android.intent.action.ACTION_POWER_CONNECTED
ADDED from src/main/AndroidManifest.xml:283:17-87
	android:name
		ADDED from src/main/AndroidManifest.xml:283:25-84
action#android.intent.action.ACTION_POWER_DISCONNECTED
ADDED from src/main/AndroidManifest.xml:284:17-90
	android:name
		ADDED from src/main/AndroidManifest.xml:284:25-87
activity#com.igexin.sdk.PushActivity
ADDED from src/main/AndroidManifest.xml:288:9-294:84
	android:process
		ADDED from src/main/AndroidManifest.xml:292:13-43
	android:excludeFromRecents
		ADDED from src/main/AndroidManifest.xml:290:13-46
	android:exported
		ADDED from src/main/AndroidManifest.xml:291:13-37
	android:theme
		ADDED from src/main/AndroidManifest.xml:294:13-72
	android:taskAffinity
		ADDED from src/main/AndroidManifest.xml:293:13-67
	android:name
		ADDED from src/main/AndroidManifest.xml:289:13-55
activity#com.igexin.sdk.GActivity
ADDED from src/main/AndroidManifest.xml:296:9-302:75
	android:process
		ADDED from src/main/AndroidManifest.xml:300:13-43
	android:excludeFromRecents
		ADDED from src/main/AndroidManifest.xml:298:13-46
	android:exported
		ADDED from src/main/AndroidManifest.xml:299:13-36
	android:theme
		ADDED from src/main/AndroidManifest.xml:302:13-72
	android:taskAffinity
		ADDED from src/main/AndroidManifest.xml:301:13-67
	android:name
		ADDED from src/main/AndroidManifest.xml:297:13-52
activity#com.sinoyd.environmentNT.activity.ChangepasswordActivity
ADDED from src/main/AndroidManifest.xml:306:9-308:72
	android:theme
		ADDED from src/main/AndroidManifest.xml:308:13-69
	android:name
		ADDED from src/main/AndroidManifest.xml:307:13-60
activity#com.sinoyd.environmentNT.activity.SuperActivity
ADDED from src/main/AndroidManifest.xml:309:9-60
	android:name
		ADDED from src/main/AndroidManifest.xml:309:19-57
activity#com.sinoyd.environmentNT.activity.Super2infoActivity
ADDED from src/main/AndroidManifest.xml:310:9-65
	android:name
		ADDED from src/main/AndroidManifest.xml:310:19-62
activity#com.sinoyd.environmentNT.activity.MoreActivity
ADDED from src/main/AndroidManifest.xml:311:9-59
	android:name
		ADDED from src/main/AndroidManifest.xml:311:19-56
activity#com.sinoyd.environmentNT.activity.Super2jiguangActivity
ADDED from src/main/AndroidManifest.xml:312:9-68
	android:name
		ADDED from src/main/AndroidManifest.xml:312:19-65
activity#com.sinoyd.environmentNT.activity.Super2cityActivity
ADDED from src/main/AndroidManifest.xml:313:9-65
	android:name
		ADDED from src/main/AndroidManifest.xml:313:19-62
service#com.sinoyd.environmentNT.DemoPushService
ADDED from src/main/AndroidManifest.xml:316:9-320:54
	android:process
		ADDED from src/main/AndroidManifest.xml:320:13-43
	android:label
		ADDED from src/main/AndroidManifest.xml:319:13-40
	android:exported
		ADDED from src/main/AndroidManifest.xml:318:13-36
	android:name
		ADDED from src/main/AndroidManifest.xml:317:13-44
service#com.sinoyd.environmentNT.DemoIntentService
ADDED from src/main/AndroidManifest.xml:322:9-54
	android:name
		ADDED from src/main/AndroidManifest.xml:322:18-51
meta-data#android.support.VERSION
ADDED from [com.android.support:support-v4:25.4.0] AndroidManifest.xml:26:9-28:38
MERGED from [com.android.support:support-fragment:25.4.0] AndroidManifest.xml:26:9-28:38
MERGED from [com.android.support:support-media-compat:25.4.0] AndroidManifest.xml:26:9-28:38
MERGED from [com.android.support:support-core-ui:25.4.0] AndroidManifest.xml:26:9-28:38
MERGED from [com.android.support:support-core-utils:25.4.0] AndroidManifest.xml:26:9-28:38
MERGED from [com.android.support:support-compat:25.4.0] AndroidManifest.xml:26:9-28:38
	android:value
		ADDED from [com.android.support:support-v4:25.4.0] AndroidManifest.xml:28:13-35
	android:name
		ADDED from [com.android.support:support-v4:25.4.0] AndroidManifest.xml:27:13-51